# JRE version: Java(TM) SE Runtime Environment (8.0_51-b16) (build 1.8.0_51-b16)
# Java VM: Java HotSpot(TM) 64-Bit Server VM (25.51-b03 mixed mode windows-amd64 compressed oops)
Heap:
 PSYoungGen      total 500224K, used 290594K [0x00000000e0b80000, 0x00000000ffe80000, 0x0000000100000000)
  eden space 489472K, 59% used [0x00000000e0b80000,0x00000000f267ca80,0x00000000fe980000)
  from space 10752K, 7% used [0x00000000ff400000,0x00000000ff4cc120,0x00000000ffe80000)
  to   space 10752K, 0% used [0x00000000fe980000,0x00000000fe980000,0x00000000ff400000)
 ParOldGen       total 41472K, used 32721K [0x00000000a2200000, 0x00000000a4a80000, 0x00000000e0b80000)
  object space 41472K, 78% used [0x00000000a2200000,0x00000000a41f4468,0x00000000a4a80000)
 Metaspace       used 24927K, capacity 26628K, committed 26880K, reserved 1073152K
  class space    used 3436K, capacity 3722K, committed 3840K, reserved 1048576K
GC Heap History (10 events):
Event: 115.282 GC heap before
{Heap before GC invocations=17 (full 1):
 PSYoungGen      total 391168K, used 379392K [0x00000000e0b80000, 0x0000000100000000, 0x0000000100000000)
  eden space 378368K, 100% used [0x00000000e0b80000,0x00000000f7d00000,0x00000000f7d00000)
  from space 12800K, 8% used [0x00000000f7d00000,0x00000000f7e00000,0x00000000f8980000)
  to   space 12800K, 0% used [0x00000000ff380000,0x00000000ff380000,0x0000000100000000)
 ParOldGen       total 41472K, used 28685K [0x00000000a2200000, 0x00000000a4a80000, 0x00000000e0b80000)
  object space 41472K, 69% used [0x00000000a2200000,0x00000000a3e03728,0x00000000a4a80000)
 Metaspace       used 24898K, capacity 26628K, committed 26880K, reserved 1073152K
  class space    used 3434K, capacity 3722K, committed 3840K, reserved 1048576K
Event: 115.284 GC heap after
Heap after GC invocations=17 (full 1):
 PSYoungGen      total 498688K, used 896K [0x00000000e0b80000, 0x00000000fff00000, 0x0000000100000000)
  eden space 486912K, 0% used [0x00000000e0b80000,0x00000000e0b80000,0x00000000fe700000)
  from space 11776K, 7% used [0x00000000ff380000,0x00000000ff460000,0x00000000fff00000)
  to   space 12288K, 0% used [0x00000000fe700000,0x00000000fe700000,0x00000000ff300000)
 ParOldGen       total 41472K, used 29584K [0x00000000a2200000, 0x00000000a4a80000, 0x00000000e0b80000)
  object space 41472K, 71% used [0x00000000a2200000,0x00000000a3ee4298,0x00000000a4a80000)
 Metaspace       used 24898K, capacity 26628K, committed 26880K, reserved 1073152K
  class space    used 3434K, capacity 3722K, committed 3840K, reserved 1048576K
}
Event: 173.678 GC heap before
{Heap before GC invocations=18 (full 1):
 PSYoungGen      total 498688K, used 487808K [0x00000000e0b80000, 0x00000000fff00000, 0x0000000100000000)
  eden space 486912K, 100% used [0x00000000e0b80000,0x00000000fe700000,0x00000000fe700000)
  from space 11776K, 7% used [0x00000000ff380000,0x00000000ff460000,0x00000000fff00000)
  to   space 12288K, 0% used [0x00000000fe700000,0x00000000fe700000,0x00000000ff300000)
 ParOldGen       total 41472K, used 29584K [0x00000000a2200000, 0x00000000a4a80000, 0x00000000e0b80000)
  object space 41472K, 71% used [0x00000000a2200000,0x00000000a3ee4298,0x00000000a4a80000)
 Metaspace       used 24917K, capacity 26628K, committed 26880K, reserved 1073152K
  class space    used 3435K, capacity 3722K, committed 3840K, reserved 1048576K
Event: 173.684 GC heap after
Heap after GC invocations=18 (full 1):
 PSYoungGen      total 499200K, used 1024K [0x00000000e0b80000, 0x00000000fff80000, 0x0000000100000000)
  eden space 486912K, 0% used [0x00000000e0b80000,0x00000000e0b80000,0x00000000fe700000)
  from space 12288K, 8% used [0x00000000fe700000,0x00000000fe800000,0x00000000ff300000)
  to   space 11776K, 0% used [0x00000000ff400000,0x00000000ff400000,0x00000000fff80000)
 ParOldGen       total 41472K, used 30371K [0x00000000a2200000, 0x00000000a4a80000, 0x00000000e0b80000)
  object space 41472K, 73% used [0x00000000a2200000,0x00000000a3fa8fb0,0x00000000a4a80000)
 Metaspace       used 24917K, capacity 26628K, committed 26880K, reserved 1073152K
  class space    used 3435K, capacity 3722K, committed 3840K, reserved 1048576K
}
Event: 199.452 GC heap before
{Heap before GC invocations=19 (full 1):
 PSYoungGen      total 499200K, used 487936K [0x00000000e0b80000, 0x00000000fff80000, 0x0000000100000000)
  eden space 486912K, 100% used [0x00000000e0b80000,0x00000000fe700000,0x00000000fe700000)
  from space 12288K, 8% used [0x00000000fe700000,0x00000000fe800000,0x00000000ff300000)
  to   space 11776K, 0% used [0x00000000ff400000,0x00000000ff400000,0x00000000fff80000)
 ParOldGen       total 41472K, used 30371K [0x00000000a2200000, 0x00000000a4a80000, 0x00000000e0b80000)
  object space 41472K, 73% used [0x00000000a2200000,0x00000000a3fa8fb0,0x00000000a4a80000)
 Metaspace       used 24922K, capacity 26628K, committed 26880K, reserved 1073152K
  class space    used 3435K, capacity 3722K, committed 3840K, reserved 1048576K
Event: 199.457 GC heap after
Heap after GC invocations=19 (full 1):
 PSYoungGen      total 500224K, used 960K [0x00000000e0b80000, 0x00000000fff80000, 0x0000000100000000)
  eden space 488448K, 0% used [0x00000000e0b80000,0x00000000e0b80000,0x00000000fe880000)
  from space 11776K, 8% used [0x00000000ff400000,0x00000000ff4f0240,0x00000000fff80000)
  to   space 11776K, 0% used [0x00000000fe880000,0x00000000fe880000,0x00000000ff400000)
 ParOldGen       total 41472K, used 31243K [0x00000000a2200000, 0x00000000a4a80000, 0x00000000e0b80000)
  object space 41472K, 75% used [0x00000000a2200000,0x00000000a4082fb0,0x00000000a4a80000)
 Metaspace       used 24922K, capacity 26628K, committed 26880K, reserved 1073152K
  class space    used 3435K, capacity 3722K, committed 3840K, reserved 1048576K
}
Event: 241.514 GC heap before
{Heap before GC invocations=20 (full 1):
 PSYoungGen      total 500224K, used 489408K [0x00000000e0b80000, 0x00000000fff80000, 0x0000000100000000)
  eden space 488448K, 100% used [0x00000000e0b80000,0x00000000fe880000,0x00000000fe880000)
  from space 11776K, 8% used [0x00000000ff400000,0x00000000ff4f0240,0x00000000fff80000)
  to   space 11776K, 0% used [0x00000000fe880000,0x00000000fe880000,0x00000000ff400000)
 ParOldGen       total 41472K, used 31243K [0x00000000a2200000, 0x00000000a4a80000, 0x00000000e0b80000)
  object space 41472K, 75% used [0x00000000a2200000,0x00000000a4082fb0,0x00000000a4a80000)
 Metaspace       used 24926K, capacity 26628K, committed 26880K, reserved 1073152K
  class space    used 3435K, capacity 3722K, committed 3840K, reserved 1048576K
Event: 241.518 GC heap after
Heap after GC invocations=20 (full 1):
 PSYoungGen      total 500224K, used 868K [0x00000000e0b80000, 0x00000000fff00000, 0x0000000100000000)
  eden space 488448K, 0% used [0x00000000e0b80000,0x00000000e0b80000,0x00000000fe880000)
  from space 11776K, 7% used [0x00000000fe880000,0x00000000fe959278,0x00000000ff400000)
  to   space 11264K, 0% used [0x00000000ff400000,0x00000000ff400000,0x00000000fff00000)
 ParOldGen       total 41472K, used 31996K [0x00000000a2200000, 0x00000000a4a80000, 0x00000000e0b80000)
  object space 41472K, 77% used [0x00000000a2200000,0x00000000a413f0d0,0x00000000a4a80000)
 Metaspace       used 24926K, capacity 26628K, committed 26880K, reserved 1073152K
  class space    used 3435K, capacity 3722K, committed 3840K, reserved 1048576K
}
Event: 282.544 GC heap before
{Heap before GC invocations=21 (full 1):
 PSYoungGen      total 500224K, used 489316K [0x00000000e0b80000, 0x00000000fff00000, 0x0000000100000000)
  eden space 488448K, 100% used [0x00000000e0b80000,0x00000000fe880000,0x00000000fe880000)
  from space 11776K, 7% used [0x00000000fe880000,0x00000000fe959278,0x00000000ff400000)
  to   space 11264K, 0% used [0x00000000ff400000,0x00000000ff400000,0x00000000fff00000)
 ParOldGen       total 41472K, used 31996K [0x00000000a2200000, 0x00000000a4a80000, 0x00000000e0b80000)
  object space 41472K, 77% used [0x00000000a2200000,0x00000000a413f0d0,0x00000000a4a80000)
 Metaspace       used 24927K, capacity 26628K, committed 26880K, reserved 1073152K
  class space    used 3436K, capacity 3722K, committed 3840K, reserved 1048576K
Event: 282.548 GC heap after
Heap after GC invocations=21 (full 1):
 PSYoungGen      total 500224K, used 816K [0x00000000e0b80000, 0x00000000ffe80000, 0x0000000100000000)
  eden space 489472K, 0% used [0x00000000e0b80000,0x00000000e0b80000,0x00000000fe980000)
  from space 10752K, 7% used [0x00000000ff400000,0x00000000ff4cc120,0x00000000ffe80000)
  to   space 10752K, 0% used [0x00000000fe980000,0x00000000fe980000,0x00000000ff400000)
 ParOldGen       total 41472K, used 32721K [0x00000000a2200000, 0x00000000a4a80000, 0x00000000e0b80000)
  object space 41472K, 78% used [0x00000000a2200000,0x00000000a41f4468,0x00000000a4a80000)
 Metaspace       used 24927K, capacity 26628K, committed 26880K, reserved 1073152K
  class space    used 3436K, capacity 3722K, committed 3840K, reserved 1048576K
}

